../../../udweave/UDweave.py -i sorting.udw -I ../../libraries/DistributedSort/ \
				 -I ../../libraries/LMStaticMaps/ \
				 -I ../../libraries/UDMapShuffleReduce/linkable/ \
				 -o sorting.py
WARNING!! - DEPRECATED! The number of operands for evw_new (sorting.udw:1203:21) is not required anymore. It is ignored and will be removed in the future.
WARNING!! - DEPRECATED! The number of operands for evw_new (sorting.udw:1305:9) is not required anymore. It is ignored and will be removed in the future.
WARNING!! - DEPRECATED! The number of operands for evw_new (sorting.udw:1311:9) is not required anymore. It is ignored and will be removed in the future.
WARNING!! - DEPRECATED! The number of operands for evw_new (sorting.udw:1379:27) is not required anymore. It is ignored and will be removed in the future.
WARNING!! - DEPRECATED! The number of operands for evw_new (sorting.udw:1504:27) is not required anymore. It is ignored and will be removed in the future.
WARNING!! - DEPRECATED! The number of operands for evw_update_event (sorting.udw:1509:13) is not required anymore. It is ignored and will be removed in the future.
WARNING!! - DEPRECATED! The number of operands for evw_new (sorting.udw:1574:27) is not required anymore. It is ignored and will be removed in the future.
WARNING!! - DEPRECATED! The number of operands for evw_update_event (sorting.udw:1580:13) is not required anymore. It is ignored and will be removed in the future.
WARNING!! - DEPRECATED! The number of operands for evw_new (sorting.udw:1686:27) is not required anymore. It is ignored and will be removed in the future.
WARNING!! - DEPRECATED! The number of operands for evw_update_event (sorting.udw:1692:13) is not required anymore. It is ignored and will be removed in the future.
WARNING!! - DEPRECATED! The number of operands for evw_new (sorting.udw:1802:27) is not required anymore. It is ignored and will be removed in the future.
WARNING!! - DEPRECATED! The number of operands for evw_update_event (sorting.udw:1812:13) is not required anymore. It is ignored and will be removed in the future.
WARNING!! - DEPRECATED! The number of operands for evw_update_event (sorting.udw:1856:8) is not required anymore. It is ignored and will be removed in the future.
WARNING!! - DEPRECATED! The number of operands for evw_update_event (sorting.udw:1861:8) is not required anymore. It is ignored and will be removed in the future.
WARNING!! - DEPRECATED! The number of operands for evw_new (sorting.udw:2041:27) is not required anymore. It is ignored and will be removed in the future.
WARNING!! - DEPRECATED! The number of operands for evw_update_event (sorting.udw:2100:8) is not required anymore. It is ignored and will be removed in the future.
WARNING!! - DEPRECATED! The number of operands for evw_update_event (sorting.udw:2105:8) is not required anymore. It is ignored and will be removed in the future.
WARNING!! - DEPRECATED! The number of operands for evw_new (sorting.udw:2303:27) is not required anymore. It is ignored and will be removed in the future.
WARNING!! - DEPRECATED! The number of operands for evw_update_event (sorting.udw:2313:13) is not required anymore. It is ignored and will be removed in the future.
WARNING!! - DEPRECATED! The number of operands for evw_update_event (sorting.udw:2346:8) is not required anymore. It is ignored and will be removed in the future.
WARNING!! - DEPRECATED! The number of operands for evw_update_event (sorting.udw:2351:8) is not required anymore. It is ignored and will be removed in the future.
WARNING!! - DEPRECATED! The number of operands for evw_new (sorting.udw:2543:27) is not required anymore. It is ignored and will be removed in the future.
WARNING!! - DEPRECATED! The number of operands for evw_update_event (sorting.udw:2590:8) is not required anymore. It is ignored and will be removed in the future.
WARNING!! - DEPRECATED! The number of operands for evw_update_event (sorting.udw:2595:8) is not required anymore. It is ignored and will be removed in the future.
WARNING!! - DEPRECATED! The number of operands for evw_new (sorting.udw:2776:27) is not required anymore. It is ignored and will be removed in the future.
WARNING!! - DEPRECATED! The number of operands for evw_update_event (sorting.udw:2781:13) is not required anymore. It is ignored and will be removed in the future.
WARNING!! - Immediate value 10000000 is larger than 15 bit values and is used in a loop. Check, if the immediate is split due to the size of the bit field of the associated instruction. Consider to improve the performance by defining the immediate in a variable outside of the loop to prevent it from being regenerated in every iteration. (sorting.udw:246:28)
WARNING!! - Immediate value 10000000 is larger than 15 bit values and is used in a loop. Check, if the immediate is split due to the size of the bit field of the associated instruction. Consider to improve the performance by defining the immediate in a variable outside of the loop to prevent it from being regenerated in every iteration. (sorting.udw:339:28)
WARNING!! - Immediate value 10000000 is larger than 15 bit values and is used in a loop. Check, if the immediate is split due to the size of the bit field of the associated instruction. Consider to improve the performance by defining the immediate in a variable outside of the loop to prevent it from being regenerated in every iteration. (sorting.udw:411:28)
WARNING!! - There is no support for unsigned less tha in ISAv2. Assuming signed
WARNING!! - There is no support for unsigned less tha in ISAv2. Assuming signed
WARNING!! - There is no support for unsigned less tha in ISAv2. Assuming signed
WARNING!! - There is no support for unsigned less tha in ISAv2. Assuming signed
WARNING!! - There is no support for unsigned less tha in ISAv2. Assuming signed
WARNING!! - There is no support for unsigned less tha in ISAv2. Assuming signed
WARNING!! - There is no support for unsigned greater than in ISAv2. Assuming signed
WARNING!! - There is no support for unsigned greater than in ISAv2. Assuming signed
python3 ../../linker/EFAlinker.py -f linkable-module -L./ -L../../libraries/UDMapShuffleReduce/linkable -L../../libraries/UDMapShuffleReduce -L../../ -L../../libraries/ScalableHashTable/linkable/sht_macros.py -L../../libraries/LMStaticMaps/ -L ../../libraries/SingleLaneSort/hybrid_single_lane.py -o phase1_kvmsr_module.py phase1_kvmsr.py
DATA_STORE kvset: key size = 0, value size = 2, pair size = 2, meta data size = 2, iterator size = 2
Setting up DATA_STORE kvset at offset 1872
Initialize MapShuffleReduce task DistributedSortPhase1 - bookkeeping_data_offset: 640, send_buffer_offset: 704, debug_flag: False
['DistributedSortPhase1::map_shuffle_reduce', 'DistributedSortPhase1::kv_map', 'DistributedSortPhase1::kv_map_emit', 'DistributedSortPhase1::kv_map_return', 'DistributedSortPhase1::kv_reduce', 'DistributedSortPhase1::kv_reduce_emit', 'DistributedSortPhase1::kv_reduce_return', 'DistributedSortPhase1::kv_combine', 'DistributedSortPhase1::broadcast_global', 'DistributedSortPhase1::combine_get_pair', 'DistributedSortPhase1::combine_put_pair_ack', 'DistributedSortPhase1::cache_flush', 'DistributedSortPhase1::combine_flush_lane', 'DistributedSortPhase1::combine_flush_ack', 'DistributedSortPhase1::cache_flush_return', 'DistributedSortPhase1::init_global_master', 'DistributedSortPhase1::global_master', 'DistributedSortPhase1::init_node_master', 'DistributedSortPhase1::node_master', 'DistributedSortPhase1::termiante_node_master', 'DistributedSortPhase1::init_updown_master', 'DistributedSortPhase1::updown_master', 'DistributedSortPhase1::terminate_updown_master', 'DistributedSortPhase1::lane_master_init', 'DistributedSortPhase1::lane_master_loop', 'DistributedSortPhase1::lane_master_terminate', 'DistributedSortPhase1::lane_master_read_partition', 'DistributedSortPhase1::lane_master_get_next_return', 'DistributedSortPhase1::init_reduce_thread', 'DistributedSortPhase1::init_global_snyc', 'DistributedSortPhase1::finish_init_udkvmsr', 'DistributedSortPhase1::init_input_kvset_on_lane', 'DistributedSortPhase1::init_output_kvset_on_lane', 'DistributedSortPhase1::init_sp_lane']
python3 ../../linker/EFAlinker.py -f linkable-module -L./ -L../../libraries/UDMapShuffleReduce/linkable -L../../libraries/UDMapShuffleReduce -L../../ -L../../libraries/ScalableHashTable/linkable/sht_macros.py -L../../libraries/LMStaticMaps/ -L ../../libraries/SingleLaneSort/hybrid_single_lane.py -o phase1_insertion_kvmsr_module.py phase1_insertion_kvmsr.py
DATA_STORE kvset: key size = 0, value size = 2, pair size = 2, meta data size = 2, iterator size = 2
Setting up DATA_STORE kvset at offset 1872
Reduce thread offset: 664
Initialize MapShuffleReduce task DistributedSortPhase1Insertion - bookkeeping_data_offset: 640, send_buffer_offset: 704, heap_offset: 768, debug_flag: False
original False
['DistributedSortPhase1Insertion::map_shuffle_reduce', 'DistributedSortPhase1Insertion::kv_map', 'DistributedSortPhase1Insertion::kv_map_emit', 'DistributedSortPhase1Insertion::kv_map_return', 'DistributedSortPhase1Insertion::kv_reduce', 'DistributedSortPhase1Insertion::kv_reduce_emit', 'DistributedSortPhase1Insertion::kv_reduce_return', 'DistributedSortPhase1Insertion::init_reduce_thread', 'DistributedSortPhase1Insertion::broadcast_global', 'DistributedSortPhase1Insertion::combine_get_pair', 'DistributedSortPhase1Insertion::combine_put_pair_ack', 'DistributedSortPhase1Insertion::cache_flush', 'DistributedSortPhase1Insertion::combine_flush_lane', 'DistributedSortPhase1Insertion::combine_flush_ack', 'DistributedSortPhase1Insertion::cache_flush_return', 'DistributedSortPhase1Insertion::init_global_master', 'DistributedSortPhase1Insertion::global_master', 'DistributedSortPhase1Insertion::init_node_master', 'DistributedSortPhase1Insertion::node_master', 'DistributedSortPhase1Insertion::termiante_node_master', 'DistributedSortPhase1Insertion::init_updown_master', 'DistributedSortPhase1Insertion::updown_master', 'DistributedSortPhase1Insertion::terminate_updown_master', 'DistributedSortPhase1Insertion::lane_master_init', 'DistributedSortPhase1Insertion::lane_master_loop', 'DistributedSortPhase1Insertion::lane_master_terminate', 'DistributedSortPhase1Insertion::lane_master_read_partition', 'DistributedSortPhase1Insertion::lane_master_get_next_return', 'DistributedSortPhase1Insertion::init_global_snyc', 'DistributedSortPhase1Insertion::finish_init_udkvmsr', 'DistributedSortPhase1Insertion::init_input_kvset_on_lane', 'DistributedSortPhase1Insertion::init_output_kvset_on_lane', 'DistributedSortPhase1Insertion::init_sp_lane']
python3 ../../linker/EFAlinker.py -f linkable-module -L./ -L../../libraries/UDMapShuffleReduce/linkable -L../../libraries/UDMapShuffleReduce -L../../ -L../../libraries/ScalableHashTable/linkable/sht_macros.py -L../../libraries/LMStaticMaps/ -L ../../libraries/SingleLaneSort/hybrid_single_lane.py -o phase1_insertion_lb_kvmsr_module.py phase1_insertion_lb_kvmsr.py
DATA_STORE kvset: key size = 0, value size = 2, pair size = 2, meta data size = 2, iterator size = 2
Setting up DATA_STORE kvset at offset 1872
Reduce thread offset: 664
Initialize MapShuffleReduce task DistributedSortPhase1InsertionLb - bookkeeping_data_offset: 640, send_buffer_offset: 704, heap_offset: 768, debug_flag: False
Launching workers: True
intermediate_cache_size: 10240
880
lb_type: ['mapper', 'reducer']
Heap Offset: 5632
load_balancer True
['DistributedSortPhase1InsertionLb::map_shuffle_reduce', 'DistributedSortPhase1InsertionLb::kv_map', 'DistributedSortPhase1InsertionLb::kv_map_emit', 'DistributedSortPhase1InsertionLb::kv_map_return', 'DistributedSortPhase1InsertionLb::kv_reduce', 'DistributedSortPhase1InsertionLb::kv_reduce_emit', 'DistributedSortPhase1InsertionLb::kv_reduce_return', 'DistributedSortPhase1InsertionLb::init_reduce_thread', 'DistributedSortPhase1InsertionLb::broadcast_global', 'DistributedSortPhase1InsertionLb::combine_get_pair', 'DistributedSortPhase1InsertionLb::combine_put_pair_ack', 'DistributedSortPhase1InsertionLb::cache_flush', 'DistributedSortPhase1InsertionLb::combine_flush_lane', 'DistributedSortPhase1InsertionLb::combine_flush_ack', 'DistributedSortPhase1InsertionLb::cache_flush_return', 'DistributedSortPhase1InsertionLb::init_global_master', 'DistributedSortPhase1InsertionLb::global_master', 'DistributedSortPhase1InsertionLb::init_node_master', 'DistributedSortPhase1InsertionLb::node_master', 'DistributedSortPhase1InsertionLb::termiante_node_master', 'DistributedSortPhase1InsertionLb::init_updown_master', 'DistributedSortPhase1InsertionLb::updown_master', 'DistributedSortPhase1InsertionLb::terminate_updown_master', 'DistributedSortPhase1InsertionLb::lane_master_init', 'DistributedSortPhase1InsertionLb::lane_master_loop', 'DistributedSortPhase1InsertionLb::lane_master_terminate', 'DistributedSortPhase1InsertionLb::lane_master_read_partition', 'DistributedSortPhase1InsertionLb::lane_master_get_next_return', 'DistributedSortPhase1InsertionLb::init_global_snyc', 'DistributedSortPhase1InsertionLb::finish_init_udkvmsr', 'DistributedSortPhase1InsertionLb::init_input_kvset_on_lane', 'DistributedSortPhase1InsertionLb::init_output_kvset_on_lane', 'DistributedSortPhase1InsertionLb::init_sp_lane', 'DistributedSortPhase1InsertionLb::lane_master_launch_worker', 'DistributedSortPhase1InsertionLb::worker_init', 'DistributedSortPhase1InsertionLb::worker_work', 'DistributedSortPhase1InsertionLb::worker_claim_local', 'DistributedSortPhase1InsertionLb::worker_claim_remote', 'DistributedSortPhase1InsertionLb::worker_helper', 'DistributedSortPhase1InsertionLb::receiver_claim_work', 'DistributedSortPhase1InsertionLb::receiver_set_terminate_bit', 'DistributedSortPhase1InsertionLb::receiver_set_terminate_bit_ret', 'DistributedSortPhase1InsertionLb::worker_claimed_map', 'DistributedSortPhase1InsertionLb::mapper_control_init', 'DistributedSortPhase1InsertionLb::mapper_control_loop', 'DistributedSortPhase1InsertionLb::mapper_control_read_partition', 'DistributedSortPhase1InsertionLb::mapper_control_get_next_return', 'DistributedSortPhase1InsertionLb::lane_remote_mapper_finished', 'DistributedSortPhase1InsertionLb::termiante_global_master', 'DistributedSortPhase1InsertionLb::init_intermediate_kvset_on_lane', 'DistributedSortPhase1InsertionLb::init_intermediate_kvset_on_lane_ret', 'DistributedSortPhase1InsertionLb::worker_claimed_reduce_count', 'DistributedSortPhase1InsertionLb::worker_claimed_reduce', 'DistributedSortPhase1InsertionLb::worker_fetched_kv_ptr', 'DistributedSortPhase1InsertionLb::worker_launch_reducer', 'DistributedSortPhase1InsertionLb::worker_reducer_ret', 'DistributedSortPhase1InsertionLb::worker_early_finish', 'DistributedSortPhase1InsertionLb::worker_terminate', 'DistributedSortPhase1InsertionLb::receiver_receive_intermediate_kv_pair', 'DistributedSortPhase1InsertionLb::receiver_fetched_kv_ptr_for_cache', 'DistributedSortPhase1InsertionLb::receiver_materialize_ret', 'DistributedSortPhase1InsertionLb::receiver_update_unresolved_kv_count', 'DistributedSortPhase1InsertionLb::receiver_acknowledge_key_executed', 'DistributedSortPhase1InsertionLb::worker_confirm_local_materialized_count', 'DistributedSortPhase1InsertionLb::worker_confirm_materialized_count', 'DistributedSortPhase1InsertionLb::receiver_check_materialized_count']
python3 ../../linker/EFAlinker.py -f linkable-module -L./ -L../../libraries/UDMapShuffleReduce/linkable -L../../libraries/UDMapShuffleReduce -L../../ -L../../libraries/ScalableHashTable/linkable/sht_macros.py -L../../libraries/LMStaticMaps/  -o phase2_kvmsr_module.py phase2_kvmsr.py
Reduce thread offset: 664
Initialize MapShuffleReduce task DistributedSortPhase2 - bookkeeping_data_offset: 640, send_buffer_offset: 704, heap_offset: 768, debug_flag: False
Heap Offset: 832
original False
['DistributedSortPhase2::map_shuffle_reduce', 'DistributedSortPhase2::kv_map', 'DistributedSortPhase2::kv_map_emit', 'DistributedSortPhase2::kv_map_return', 'DistributedSortPhase2::kv_reduce', 'DistributedSortPhase2::kv_reduce_emit', 'DistributedSortPhase2::kv_reduce_return', 'DistributedSortPhase2::init_reduce_thread', 'DistributedSortPhase2::broadcast_global', 'DistributedSortPhase2::combine_get_pair', 'DistributedSortPhase2::combine_put_pair_ack', 'DistributedSortPhase2::cache_flush', 'DistributedSortPhase2::combine_flush_lane', 'DistributedSortPhase2::combine_flush_ack', 'DistributedSortPhase2::cache_flush_return', 'DistributedSortPhase2::init_global_master', 'DistributedSortPhase2::global_master', 'DistributedSortPhase2::init_node_master', 'DistributedSortPhase2::node_master', 'DistributedSortPhase2::termiante_node_master', 'DistributedSortPhase2::init_updown_master', 'DistributedSortPhase2::updown_master', 'DistributedSortPhase2::terminate_updown_master', 'DistributedSortPhase2::lane_master_init', 'DistributedSortPhase2::lane_master_loop', 'DistributedSortPhase2::lane_master_terminate', 'DistributedSortPhase2::lane_master_read_partition', 'DistributedSortPhase2::lane_master_get_next_return', 'DistributedSortPhase2::init_global_snyc', 'DistributedSortPhase2::finish_init_udkvmsr', 'DistributedSortPhase2::init_input_kvset_on_lane', 'DistributedSortPhase2::init_output_kvset_on_lane', 'DistributedSortPhase2::init_sp_lane']
python3 ../../linker/EFAlinker.py -f linkable-module -L./ -L../../libraries/UDMapShuffleReduce/linkable -L../../libraries/UDMapShuffleReduce -L../../ -L../../libraries/ScalableHashTable/linkable/sht_macros.py -L../../libraries/LMStaticMaps/  -o phase2_mapper_kvmsr_module.py phase2_mapper_kvmsr.py
Reduce thread offset: 664
Initialize MapShuffleReduce task DistributedSortPhase2Mapper - bookkeeping_data_offset: 640, send_buffer_offset: 704, heap_offset: 768, debug_flag: False
non_load_balancing False
['DistributedSortPhase2Mapper::map_shuffle_reduce', 'DistributedSortPhase2Mapper::kv_map', 'DistributedSortPhase2Mapper::kv_map_emit', 'DistributedSortPhase2Mapper::kv_map_return', 'DistributedSortPhase2Mapper::kv_reduce', 'DistributedSortPhase2Mapper::kv_reduce_emit', 'DistributedSortPhase2Mapper::kv_reduce_return', 'DistributedSortPhase2Mapper::init_reduce_thread', 'DistributedSortPhase2Mapper::broadcast_global', 'DistributedSortPhase2Mapper::combine_get_pair', 'DistributedSortPhase2Mapper::combine_put_pair_ack', 'DistributedSortPhase2Mapper::cache_flush', 'DistributedSortPhase2Mapper::combine_flush_lane', 'DistributedSortPhase2Mapper::combine_flush_ack', 'DistributedSortPhase2Mapper::cache_flush_return', 'DistributedSortPhase2Mapper::init_global_master', 'DistributedSortPhase2Mapper::global_master', 'DistributedSortPhase2Mapper::init_node_master', 'DistributedSortPhase2Mapper::node_master', 'DistributedSortPhase2Mapper::termiante_node_master', 'DistributedSortPhase2Mapper::init_updown_master', 'DistributedSortPhase2Mapper::updown_master', 'DistributedSortPhase2Mapper::terminate_updown_master', 'DistributedSortPhase2Mapper::lane_master_init', 'DistributedSortPhase2Mapper::lane_master_loop', 'DistributedSortPhase2Mapper::lane_master_terminate', 'DistributedSortPhase2Mapper::lane_master_read_partition', 'DistributedSortPhase2Mapper::lane_master_get_next_return', 'DistributedSortPhase2Mapper::init_global_snyc', 'DistributedSortPhase2Mapper::finish_init_udkvmsr', 'DistributedSortPhase2Mapper::init_input_kvset_on_lane', 'DistributedSortPhase2Mapper::init_output_kvset_on_lane', 'DistributedSortPhase2Mapper::init_sp_lane']
python3 ../../linker/EFAlinker.py -f linkable-module -L./ -L../../libraries/UDMapShuffleReduce/linkable -L../../libraries/UDMapShuffleReduce -L../../ -L../../libraries/ScalableHashTable/linkable/sht_macros.py -L../../libraries/LMStaticMaps/  -o phase2_lb_kvmsr_module.py phase2_lb_kvmsr.py
Reduce thread offset: 664
Initialize MapShuffleReduce task DistributedSortPhase2Lb - bookkeeping_data_offset: 640, send_buffer_offset: 704, heap_offset: 768, debug_flag: False
Launching workers: True
intermediate_cache_size: 10240
880
lb_type: ['mapper', 'reducer']
Heap Offset: 13232
load_balancer True
['DistributedSortPhase2Lb::map_shuffle_reduce', 'DistributedSortPhase2Lb::kv_map', 'DistributedSortPhase2Lb::kv_map_emit', 'DistributedSortPhase2Lb::kv_map_return', 'DistributedSortPhase2Lb::kv_reduce', 'DistributedSortPhase2Lb::kv_reduce_emit', 'DistributedSortPhase2Lb::kv_reduce_return', 'DistributedSortPhase2Lb::init_reduce_thread', 'DistributedSortPhase2Lb::broadcast_global', 'DistributedSortPhase2Lb::combine_get_pair', 'DistributedSortPhase2Lb::combine_put_pair_ack', 'DistributedSortPhase2Lb::cache_flush', 'DistributedSortPhase2Lb::combine_flush_lane', 'DistributedSortPhase2Lb::combine_flush_ack', 'DistributedSortPhase2Lb::cache_flush_return', 'DistributedSortPhase2Lb::init_global_master', 'DistributedSortPhase2Lb::global_master', 'DistributedSortPhase2Lb::init_node_master', 'DistributedSortPhase2Lb::node_master', 'DistributedSortPhase2Lb::termiante_node_master', 'DistributedSortPhase2Lb::init_updown_master', 'DistributedSortPhase2Lb::updown_master', 'DistributedSortPhase2Lb::terminate_updown_master', 'DistributedSortPhase2Lb::lane_master_init', 'DistributedSortPhase2Lb::lane_master_loop', 'DistributedSortPhase2Lb::lane_master_terminate', 'DistributedSortPhase2Lb::lane_master_read_partition', 'DistributedSortPhase2Lb::lane_master_get_next_return', 'DistributedSortPhase2Lb::init_global_snyc', 'DistributedSortPhase2Lb::finish_init_udkvmsr', 'DistributedSortPhase2Lb::init_input_kvset_on_lane', 'DistributedSortPhase2Lb::init_output_kvset_on_lane', 'DistributedSortPhase2Lb::init_sp_lane', 'DistributedSortPhase2Lb::lane_master_launch_worker', 'DistributedSortPhase2Lb::worker_init', 'DistributedSortPhase2Lb::worker_work', 'DistributedSortPhase2Lb::worker_claim_local', 'DistributedSortPhase2Lb::worker_claim_remote', 'DistributedSortPhase2Lb::worker_helper', 'DistributedSortPhase2Lb::receiver_claim_work', 'DistributedSortPhase2Lb::receiver_set_terminate_bit', 'DistributedSortPhase2Lb::receiver_set_terminate_bit_ret', 'DistributedSortPhase2Lb::worker_claimed_map', 'DistributedSortPhase2Lb::mapper_control_init', 'DistributedSortPhase2Lb::mapper_control_loop', 'DistributedSortPhase2Lb::mapper_control_read_partition', 'DistributedSortPhase2Lb::mapper_control_get_next_return', 'DistributedSortPhase2Lb::lane_remote_mapper_finished', 'DistributedSortPhase2Lb::termiante_global_master', 'DistributedSortPhase2Lb::init_intermediate_kvset_on_lane', 'DistributedSortPhase2Lb::init_intermediate_kvset_on_lane_ret', 'DistributedSortPhase2Lb::worker_claimed_reduce_count', 'DistributedSortPhase2Lb::worker_claimed_reduce', 'DistributedSortPhase2Lb::worker_fetched_kv_ptr', 'DistributedSortPhase2Lb::worker_launch_reducer', 'DistributedSortPhase2Lb::worker_reducer_ret', 'DistributedSortPhase2Lb::worker_early_finish', 'DistributedSortPhase2Lb::worker_terminate', 'DistributedSortPhase2Lb::receiver_receive_intermediate_kv_pair', 'DistributedSortPhase2Lb::receiver_fetched_kv_ptr_for_cache', 'DistributedSortPhase2Lb::receiver_materialize_ret', 'DistributedSortPhase2Lb::receiver_update_unresolved_kv_count', 'DistributedSortPhase2Lb::receiver_acknowledge_key_executed', 'DistributedSortPhase2Lb::worker_confirm_local_materialized_count', 'DistributedSortPhase2Lb::worker_confirm_materialized_count', 'DistributedSortPhase2Lb::receiver_check_materialized_count']
python3 ../../linker/EFAlinker.py -f linkable-module -L./ -L../../libraries/UDMapShuffleReduce/linkable -L../../libraries/UDMapShuffleReduce -L../../ -L../../libraries/ScalableHashTable/linkable/sht_macros.py -L../../libraries/LMStaticMaps/  -o phase2_mapper_lb_kvmsr_module.py phase2_mapper_lb_kvmsr.py
Reduce thread offset: 664
Initialize MapShuffleReduce task DistributedSortPhase2MapperLb - bookkeeping_data_offset: 640, send_buffer_offset: 704, heap_offset: 768, debug_flag: False
Launching workers: True
intermediate_cache_size: 10240
880
lb_type: ['mapper', 'reducer']
load_balancer True
['DistributedSortPhase2MapperLb::map_shuffle_reduce', 'DistributedSortPhase2MapperLb::kv_map', 'DistributedSortPhase2MapperLb::kv_map_emit', 'DistributedSortPhase2MapperLb::kv_map_return', 'DistributedSortPhase2MapperLb::kv_reduce', 'DistributedSortPhase2MapperLb::kv_reduce_emit', 'DistributedSortPhase2MapperLb::kv_reduce_return', 'DistributedSortPhase2MapperLb::init_reduce_thread', 'DistributedSortPhase2MapperLb::broadcast_global', 'DistributedSortPhase2MapperLb::combine_get_pair', 'DistributedSortPhase2MapperLb::combine_put_pair_ack', 'DistributedSortPhase2MapperLb::cache_flush', 'DistributedSortPhase2MapperLb::combine_flush_lane', 'DistributedSortPhase2MapperLb::combine_flush_ack', 'DistributedSortPhase2MapperLb::cache_flush_return', 'DistributedSortPhase2MapperLb::init_global_master', 'DistributedSortPhase2MapperLb::global_master', 'DistributedSortPhase2MapperLb::init_node_master', 'DistributedSortPhase2MapperLb::node_master', 'DistributedSortPhase2MapperLb::termiante_node_master', 'DistributedSortPhase2MapperLb::init_updown_master', 'DistributedSortPhase2MapperLb::updown_master', 'DistributedSortPhase2MapperLb::terminate_updown_master', 'DistributedSortPhase2MapperLb::lane_master_init', 'DistributedSortPhase2MapperLb::lane_master_loop', 'DistributedSortPhase2MapperLb::lane_master_terminate', 'DistributedSortPhase2MapperLb::lane_master_read_partition', 'DistributedSortPhase2MapperLb::lane_master_get_next_return', 'DistributedSortPhase2MapperLb::init_global_snyc', 'DistributedSortPhase2MapperLb::finish_init_udkvmsr', 'DistributedSortPhase2MapperLb::init_input_kvset_on_lane', 'DistributedSortPhase2MapperLb::init_output_kvset_on_lane', 'DistributedSortPhase2MapperLb::init_sp_lane', 'DistributedSortPhase2MapperLb::lane_master_launch_worker', 'DistributedSortPhase2MapperLb::worker_init', 'DistributedSortPhase2MapperLb::worker_work', 'DistributedSortPhase2MapperLb::worker_claim_local', 'DistributedSortPhase2MapperLb::worker_claim_remote', 'DistributedSortPhase2MapperLb::worker_helper', 'DistributedSortPhase2MapperLb::receiver_claim_work', 'DistributedSortPhase2MapperLb::receiver_set_terminate_bit', 'DistributedSortPhase2MapperLb::receiver_set_terminate_bit_ret', 'DistributedSortPhase2MapperLb::worker_claimed_map', 'DistributedSortPhase2MapperLb::mapper_control_init', 'DistributedSortPhase2MapperLb::mapper_control_loop', 'DistributedSortPhase2MapperLb::mapper_control_read_partition', 'DistributedSortPhase2MapperLb::mapper_control_get_next_return', 'DistributedSortPhase2MapperLb::lane_remote_mapper_finished', 'DistributedSortPhase2MapperLb::termiante_global_master', 'DistributedSortPhase2MapperLb::init_intermediate_kvset_on_lane', 'DistributedSortPhase2MapperLb::init_intermediate_kvset_on_lane_ret', 'DistributedSortPhase2MapperLb::worker_claimed_reduce_count', 'DistributedSortPhase2MapperLb::worker_claimed_reduce', 'DistributedSortPhase2MapperLb::worker_fetched_kv_ptr', 'DistributedSortPhase2MapperLb::worker_launch_reducer', 'DistributedSortPhase2MapperLb::worker_reducer_ret', 'DistributedSortPhase2MapperLb::worker_early_finish', 'DistributedSortPhase2MapperLb::worker_terminate', 'DistributedSortPhase2MapperLb::receiver_receive_intermediate_kv_pair', 'DistributedSortPhase2MapperLb::receiver_fetched_kv_ptr_for_cache', 'DistributedSortPhase2MapperLb::receiver_materialize_ret', 'DistributedSortPhase2MapperLb::receiver_update_unresolved_kv_count', 'DistributedSortPhase2MapperLb::receiver_acknowledge_key_executed', 'DistributedSortPhase2MapperLb::worker_confirm_local_materialized_count', 'DistributedSortPhase2MapperLb::worker_confirm_materialized_count', 'DistributedSortPhase2MapperLb::receiver_check_materialized_count']
python3 ../../linker/EFAlinker.py -f linkable-module -L./ -L../../libraries/UDMapShuffleReduce/linkable -L../../libraries/UDMapShuffleReduce -L../../ -L../../libraries/ScalableHashTable/linkable/sht_macros.py -L../../libraries/LMStaticMaps/  -o phase3_kvmsr_module.py phase3_kvmsr.py
Initialize MapShuffleReduce task DistributedSortPhase3 - bookkeeping_data_offset: 640, send_buffer_offset: 704, debug_flag: False
['DistributedSortPhase3::map_shuffle_reduce', 'DistributedSortPhase3::kv_map', 'DistributedSortPhase3::kv_map_emit', 'DistributedSortPhase3::kv_map_return', 'DistributedSortPhase3::kv_reduce', 'DistributedSortPhase3::kv_reduce_emit', 'DistributedSortPhase3::kv_reduce_return', 'DistributedSortPhase3::kv_combine', 'DistributedSortPhase3::broadcast_global', 'DistributedSortPhase3::combine_get_pair', 'DistributedSortPhase3::combine_put_pair_ack', 'DistributedSortPhase3::cache_flush', 'DistributedSortPhase3::combine_flush_lane', 'DistributedSortPhase3::combine_flush_ack', 'DistributedSortPhase3::cache_flush_return', 'DistributedSortPhase3::init_global_master', 'DistributedSortPhase3::global_master', 'DistributedSortPhase3::init_node_master', 'DistributedSortPhase3::node_master', 'DistributedSortPhase3::termiante_node_master', 'DistributedSortPhase3::init_updown_master', 'DistributedSortPhase3::updown_master', 'DistributedSortPhase3::terminate_updown_master', 'DistributedSortPhase3::lane_master_init', 'DistributedSortPhase3::lane_master_loop', 'DistributedSortPhase3::lane_master_terminate', 'DistributedSortPhase3::lane_master_read_partition', 'DistributedSortPhase3::lane_master_get_next_return', 'DistributedSortPhase3::init_reduce_thread', 'DistributedSortPhase3::init_global_snyc', 'DistributedSortPhase3::finish_init_udkvmsr', 'DistributedSortPhase3::init_input_kvset_on_lane', 'DistributedSortPhase3::init_output_kvset_on_lane', 'DistributedSortPhase3::init_sp_lane']
python3 ../../linker/EFAlinker.py -L./ \
	-L../ \
	-L../../ \
	-L../../libraries/UDMapShuffleReduce/linkable/ \
	-L../../libraries/UDMapShuffleReduce/ \
	-L../../libraries/UDMapShuffleReduce/linkable/LinkableKVMapShuffleReduceTPL.py \
	-L../../libraries/UDMapShuffleReduce/linkable/LinkableKVMapShuffleCombineTPL.py \
	-L../../libraries/UDMapShuffleReduce/linkable/LinkableGlobalSync.py \
	-o ./sorting_exe.py sorting.py phase1_kvmsr_module.py phase1_insertion_kvmsr_module.py phase1_insertion_lb_kvmsr_module.py phase2_kvmsr_module.py phase2_mapper_kvmsr_module.py phase2_lb_kvmsr_module.py phase2_mapper_lb_kvmsr_module.py phase3_kvmsr_module.py \
	../../libraries/DistributedSort/distributed_sort.py
cd ../../udbasim/assembler; \
python3 efa2bin.py \
	--efa ../../apps/sorting/sorting_exe.py  \
	--outpath ../../install/updown/apps/ \
	--toplinker
